<?xml version="1.0" encoding="UTF-8"?>
<!-- Generated by org.testng.reporters.JUnitReportReporter -->
<testsuite hostname="oem-Lenovo-ideapad-110-15ISK" failures="0" tests="1" name="assignmentAutomation.ref.in.AssignmentOne" time="13.319" errors="0" timestamp="2021-07-20T12:29:00 IST" skipped="0">
  <testcase classname="assignmentAutomation.ref.in.AssignmentOne" name="authentication" time="13.319"/>
</testsuite> <!-- assignmentAutomation.ref.in.AssignmentOne -->
